[adzerk/boot-cljs "2.1.5" :scope "test"]
[boot-deps "0.1.9" :scope "test"]
[cljs-ajax "0.8.0"]
├── [cheshire "5.7.1"]
│   ├── [com.fasterxml.jackson.core/jackson-core "2.8.6"]
│   ├── [com.fasterxml.jackson.dataformat/jackson-dataformat-cbor "2.8.6"]
│   ├── [com.fasterxml.jackson.dataformat/jackson-dataformat-smile "2.8.6"]
│   └── [tigris "0.1.1"]
├── [com.cognitect/transit-cljs "0.8.256"]
│   └── [com.cognitect/transit-js "0.8.846"]
├── [org.apache.httpcomponents/httpasyncclient "4.1.3"]
│   ├── [commons-logging "1.2"]
│   ├── [org.apache.httpcomponents/httpclient "4.5.3"]
│   └── [org.apache.httpcomponents/httpcore-nio "4.4.6"]
└── [org.apache.httpcomponents/httpcore "4.4.6"]
[cljsjs/chartjs "2.7.3-0"]
[crisptrutski/boot-cljs-test "0.3.4" :scope "test"]
[environ "1.1.0" :scope "test"]
[hashobject/boot-s3 "0.1.3-20171114.060249-1" :scope "test"]
├── [clj-aws-s3 "0.3.10" :scope "test"]
│   ├── [clj-time "0.6.0" :scope "test"]
│   └── [com.amazonaws/aws-java-sdk "1.7.5" :scope "test"]
│       ├── [com.fasterxml.jackson.core/jackson-annotations "2.1.1" :scope "test"]
│       ├── [com.fasterxml.jackson.core/jackson-databind "2.1.1" :scope "test"]
│       ├── [commons-codec "1.3"]
│       └── [joda-time "2.10.1" :scope "test"]
└── [pandect "0.5.4" :scope "test"]
    ├── [org.bouncycastle/bcprov-jdk15on "1.52" :scope "test" :exclusions [[org.clojure/clojure]]]
    └── [potemkin "0.4.1" :scope "test" :exclusions [[org.clojure/clojure]]]
        ├── [clj-tuple "0.2.2" :scope "test"]
        └── [riddley "0.1.10" :scope "test"]
[org.clojure/clojure "1.8.0"]
[org.clojure/clojurescript "1.10.439"]
├── [com.cognitect/transit-clj "0.8.309" :exclusions [[org.clojure/clojure]]]
│   └── [com.cognitect/transit-java "0.8.332"]
│       └── [org.msgpack/msgpack "0.6.12"]
│           ├── [com.googlecode.json-simple/json-simple "1.1.1" :exclusions [[junit]]]
│           └── [org.javassist/javassist "3.18.1-GA"]
├── [com.google.javascript/closure-compiler-unshaded "v20180805"]
│   ├── [args4j "2.0.26"]
│   ├── [com.google.code.findbugs/jsr305 "3.0.1"]
│   ├── [com.google.code.gson/gson "2.7"]
│   ├── [com.google.errorprone/error_prone_annotations "2.0.18"]
│   ├── [com.google.guava/guava "25.1-jre"]
│   │   ├── [com.google.j2objc/j2objc-annotations "1.1"]
│   │   ├── [org.checkerframework/checker-qual "2.0.0"]
│   │   └── [org.codehaus.mojo/animal-sniffer-annotations "1.14"]
│   ├── [com.google.javascript/closure-compiler-externs "v20180805"]
│   ├── [com.google.jsinterop/jsinterop-annotations "1.0.0"]
│   └── [com.google.protobuf/protobuf-java "3.0.2"]
├── [org.clojure/data.json "0.2.6"]
├── [org.clojure/google-closure-library "0.0-20170809-b9c14c6b"]
│   └── [org.clojure/google-closure-library-third-party "0.0-20170809-b9c14c6b"]
├── [org.clojure/tools.reader "1.3.0"]
└── [org.mozilla/rhino "1.7R5"]
[pandeiro/boot-http "0.8.3" :scope "test"]
[reagent "0.8.1"]
├── [cljsjs/create-react-class "15.6.3-0"]
├── [cljsjs/react-dom-server "16.3.2-0"]
├── [cljsjs/react-dom "16.3.2-0"]
└── [cljsjs/react "16.3.2-0"]